<?xml version="1.0" encoding="UTF-8"?>
<!-- Generated by org.testng.reporters.JUnitXMLReporter -->
<testsuite hostname="DAWN" ignored="0" name="Test" tests="14" failures="0" timestamp="2020-04-14T00:48:39 IST" time="33.504" errors="0">
  <testcase name="createCustomer" time="5.028" classname="test.stripe.api.FlowTest"/>
  <testcase name="getCustomerDetails" time="1.074" classname="test.stripe.api.FlowTest"/>
  <testcase name="updateCustomer" time="0.752" classname="test.stripe.api.FlowTest"/>
  <testcase name="updateCustomer" time="0.735" classname="test.stripe.api.FlowTest"/>
  <testcase name="validatedUpdatedCustomerDetails" time="0.747" classname="test.stripe.api.FlowTest"/>
  <testcase name="validatedUpdatedCustomerDetails" time="0.741" classname="test.stripe.api.FlowTest"/>
  <testcase name="deleteCustomer" time="0.921" classname="test.stripe.api.FlowTest"/>
  <testcase name="deleteCustomer" time="0.887" classname="test.stripe.api.FlowTest"/>
  <testcase name="getPaypalOrder" time="3.805" classname="test.payapl.api.GetOrderDetails"/>
  <testcase name="createPaypalOrder" time="4.416" classname="test.payapl.api.CreateOrderTest"/>
  <testcase name="createPaypalOrderInvalidData" time="3.664" classname="test.payapl.api.CreateOrderTest"/>
  <testcase name="createPaypalOrderInvalidData" time="3.688" classname="test.payapl.api.CreateOrderTest"/>
  <testcase name="createPaypalOrderInvalidData" time="3.445" classname="test.payapl.api.CreateOrderTest"/>
  <testcase name="generateToken" time="1.761" classname="test.payapl.api.CreateToken"/>
</testsuite> <!-- Test -->
