<?xml version="1.0" encoding="UTF-8"?>
<testng-results skipped="0" failed="0" ignored="0" total="72" passed="72">
  <reporter-output>
  </reporter-output>
  <suite name="Suite" duration-ms="286780" started-at="2020-04-21T14:46:32 IST" finished-at="2020-04-21T14:51:19 IST">
    <groups>
      <group name="cucumber">
        <method signature="AbstractTestNGCucumberTests.runScenario(io.cucumber.testng.PickleEventWrapper, io.cucumber.testng.CucumberFeatureWrapper)[pri:0, instance:test.stripe.api.runner.CustomerRunner@4232c52b]" name="runScenario" class="io.cucumber.testng.AbstractTestNGCucumberTests"/>
      </group> <!-- cucumber -->
    </groups>
    <test name="Test" duration-ms="286780" started-at="2020-04-21T14:46:32 IST" finished-at="2020-04-21T14:51:19 IST">
      <class name="test.stripe.api.runner.CustomerRunner">
        <test-method status="PASS" signature="setUpClass()[pri:0, instance:test.stripe.api.runner.CustomerRunner@4232c52b]" name="setUpClass" is-config="true" duration-ms="198" started-at="2020-04-21T14:46:32 IST" finished-at="2020-04-21T14:46:33 IST">
          <reporter-output>
          </reporter-output>
        </test-method> <!-- setUpClass -->
        <test-method status="PASS" signature="runScenario(io.cucumber.testng.PickleEventWrapper, io.cucumber.testng.CucumberFeatureWrapper)[pri:0, instance:test.stripe.api.runner.CustomerRunner@4232c52b]" name="runScenario" duration-ms="8463" started-at="2020-04-21T14:46:33 IST" description="Runs Cucumber Scenarios" data-provider="scenarios" finished-at="2020-04-21T14:46:41 IST">
          <params>
            <param index="0">
              <value>
                <![CDATA["Test E2E Flow of Stripe API customer flow"]]>
              </value>
            </param>
            <param index="1">
              <value>
                <![CDATA["Test Stripe API Customer flow"]]>
              </value>
            </param>
          </params>
          <reporter-output>
          </reporter-output>
        </test-method> <!-- runScenario -->
        <test-method status="PASS" signature="runScenario(io.cucumber.testng.PickleEventWrapper, io.cucumber.testng.CucumberFeatureWrapper)[pri:0, instance:test.stripe.api.runner.CustomerRunner@4232c52b]" name="runScenario" duration-ms="4195" started-at="2020-04-21T14:46:41 IST" description="Runs Cucumber Scenarios" data-provider="scenarios" finished-at="2020-04-21T14:46:46 IST">
          <params>
            <param index="0">
              <value>
                <![CDATA["Test E2E Flow of Stripe API customer flow"]]>
              </value>
            </param>
            <param index="1">
              <value>
                <![CDATA["Test Stripe API Customer flow"]]>
              </value>
            </param>
          </params>
          <reporter-output>
          </reporter-output>
        </test-method> <!-- runScenario -->
        <test-method status="PASS" signature="runScenario(io.cucumber.testng.PickleEventWrapper, io.cucumber.testng.CucumberFeatureWrapper)[pri:0, instance:test.stripe.api.runner.CustomerRunner@4232c52b]" name="runScenario" duration-ms="3923" started-at="2020-04-21T14:46:46 IST" description="Runs Cucumber Scenarios" data-provider="scenarios" finished-at="2020-04-21T14:46:49 IST">
          <params>
            <param index="0">
              <value>
                <![CDATA["Test E2E Flow of Stripe API customer flow"]]>
              </value>
            </param>
            <param index="1">
              <value>
                <![CDATA["Test Stripe API Customer flow"]]>
              </value>
            </param>
          </params>
          <reporter-output>
          </reporter-output>
        </test-method> <!-- runScenario -->
        <test-method status="PASS" signature="runScenario(io.cucumber.testng.PickleEventWrapper, io.cucumber.testng.CucumberFeatureWrapper)[pri:0, instance:test.stripe.api.runner.CustomerRunner@4232c52b]" name="runScenario" duration-ms="3903" started-at="2020-04-21T14:46:49 IST" description="Runs Cucumber Scenarios" data-provider="scenarios" finished-at="2020-04-21T14:46:53 IST">
          <params>
            <param index="0">
              <value>
                <![CDATA["Test E2E Flow of Stripe API customer flow"]]>
              </value>
            </param>
            <param index="1">
              <value>
                <![CDATA["Test Stripe API Customer flow"]]>
              </value>
            </param>
          </params>
          <reporter-output>
          </reporter-output>
        </test-method> <!-- runScenario -->
        <test-method status="PASS" signature="runScenario(io.cucumber.testng.PickleEventWrapper, io.cucumber.testng.CucumberFeatureWrapper)[pri:0, instance:test.stripe.api.runner.CustomerRunner@4232c52b]" name="runScenario" duration-ms="3813" started-at="2020-04-21T14:46:53 IST" description="Runs Cucumber Scenarios" data-provider="scenarios" finished-at="2020-04-21T14:46:57 IST">
          <params>
            <param index="0">
              <value>
                <![CDATA["Test E2E Flow of Stripe API customer flow"]]>
              </value>
            </param>
            <param index="1">
              <value>
                <![CDATA["Test Stripe API Customer flow"]]>
              </value>
            </param>
          </params>
          <reporter-output>
          </reporter-output>
        </test-method> <!-- runScenario -->
        <test-method status="PASS" signature="runScenario(io.cucumber.testng.PickleEventWrapper, io.cucumber.testng.CucumberFeatureWrapper)[pri:0, instance:test.stripe.api.runner.CustomerRunner@4232c52b]" name="runScenario" duration-ms="3778" started-at="2020-04-21T14:46:57 IST" description="Runs Cucumber Scenarios" data-provider="scenarios" finished-at="2020-04-21T14:47:01 IST">
          <params>
            <param index="0">
              <value>
                <![CDATA["Test E2E Flow of Stripe API customer flow"]]>
              </value>
            </param>
            <param index="1">
              <value>
                <![CDATA["Test Stripe API Customer flow"]]>
              </value>
            </param>
          </params>
          <reporter-output>
          </reporter-output>
        </test-method> <!-- runScenario -->
        <test-method status="PASS" signature="runScenario(io.cucumber.testng.PickleEventWrapper, io.cucumber.testng.CucumberFeatureWrapper)[pri:0, instance:test.stripe.api.runner.CustomerRunner@4232c52b]" name="runScenario" duration-ms="3826" started-at="2020-04-21T14:47:01 IST" description="Runs Cucumber Scenarios" data-provider="scenarios" finished-at="2020-04-21T14:47:05 IST">
          <params>
            <param index="0">
              <value>
                <![CDATA["Test E2E Flow of Stripe API customer flow"]]>
              </value>
            </param>
            <param index="1">
              <value>
                <![CDATA["Test Stripe API Customer flow"]]>
              </value>
            </param>
          </params>
          <reporter-output>
          </reporter-output>
        </test-method> <!-- runScenario -->
        <test-method status="PASS" signature="runScenario(io.cucumber.testng.PickleEventWrapper, io.cucumber.testng.CucumberFeatureWrapper)[pri:0, instance:test.stripe.api.runner.CustomerRunner@4232c52b]" name="runScenario" duration-ms="4104" started-at="2020-04-21T14:47:05 IST" description="Runs Cucumber Scenarios" data-provider="scenarios" finished-at="2020-04-21T14:47:09 IST">
          <params>
            <param index="0">
              <value>
                <![CDATA["Test E2E Flow of Stripe API customer flow"]]>
              </value>
            </param>
            <param index="1">
              <value>
                <![CDATA["Test Stripe API Customer flow"]]>
              </value>
            </param>
          </params>
          <reporter-output>
          </reporter-output>
        </test-method> <!-- runScenario -->
        <test-method status="PASS" signature="runScenario(io.cucumber.testng.PickleEventWrapper, io.cucumber.testng.CucumberFeatureWrapper)[pri:0, instance:test.stripe.api.runner.CustomerRunner@4232c52b]" name="runScenario" duration-ms="4004" started-at="2020-04-21T14:47:09 IST" description="Runs Cucumber Scenarios" data-provider="scenarios" finished-at="2020-04-21T14:47:13 IST">
          <params>
            <param index="0">
              <value>
                <![CDATA["Test E2E Flow of Stripe API customer flow"]]>
              </value>
            </param>
            <param index="1">
              <value>
                <![CDATA["Test Stripe API Customer flow"]]>
              </value>
            </param>
          </params>
          <reporter-output>
          </reporter-output>
        </test-method> <!-- runScenario -->
        <test-method status="PASS" signature="runScenario(io.cucumber.testng.PickleEventWrapper, io.cucumber.testng.CucumberFeatureWrapper)[pri:0, instance:test.stripe.api.runner.CustomerRunner@4232c52b]" name="runScenario" duration-ms="3885" started-at="2020-04-21T14:47:13 IST" description="Runs Cucumber Scenarios" data-provider="scenarios" finished-at="2020-04-21T14:47:17 IST">
          <params>
            <param index="0">
              <value>
                <![CDATA["Test E2E Flow of Stripe API customer flow"]]>
              </value>
            </param>
            <param index="1">
              <value>
                <![CDATA["Test Stripe API Customer flow"]]>
              </value>
            </param>
          </params>
          <reporter-output>
          </reporter-output>
        </test-method> <!-- runScenario -->
        <test-method status="PASS" signature="runScenario(io.cucumber.testng.PickleEventWrapper, io.cucumber.testng.CucumberFeatureWrapper)[pri:0, instance:test.stripe.api.runner.CustomerRunner@4232c52b]" name="runScenario" duration-ms="5931" started-at="2020-04-21T14:47:17 IST" description="Runs Cucumber Scenarios" data-provider="scenarios" finished-at="2020-04-21T14:47:23 IST">
          <params>
            <param index="0">
              <value>
                <![CDATA["Test E2E Flow of Stripe API customer flow"]]>
              </value>
            </param>
            <param index="1">
              <value>
                <![CDATA["Test Stripe API Customer flow"]]>
              </value>
            </param>
          </params>
          <reporter-output>
          </reporter-output>
        </test-method> <!-- runScenario -->
        <test-method status="PASS" signature="runScenario(io.cucumber.testng.PickleEventWrapper, io.cucumber.testng.CucumberFeatureWrapper)[pri:0, instance:test.stripe.api.runner.CustomerRunner@4232c52b]" name="runScenario" duration-ms="3802" started-at="2020-04-21T14:47:23 IST" description="Runs Cucumber Scenarios" data-provider="scenarios" finished-at="2020-04-21T14:47:26 IST">
          <params>
            <param index="0">
              <value>
                <![CDATA["Test E2E Flow of Stripe API customer flow"]]>
              </value>
            </param>
            <param index="1">
              <value>
                <![CDATA["Test Stripe API Customer flow"]]>
              </value>
            </param>
          </params>
          <reporter-output>
          </reporter-output>
        </test-method> <!-- runScenario -->
        <test-method status="PASS" signature="runScenario(io.cucumber.testng.PickleEventWrapper, io.cucumber.testng.CucumberFeatureWrapper)[pri:0, instance:test.stripe.api.runner.CustomerRunner@4232c52b]" name="runScenario" duration-ms="3685" started-at="2020-04-21T14:47:26 IST" description="Runs Cucumber Scenarios" data-provider="scenarios" finished-at="2020-04-21T14:47:30 IST">
          <params>
            <param index="0">
              <value>
                <![CDATA["Test E2E Flow of Stripe API customer flow"]]>
              </value>
            </param>
            <param index="1">
              <value>
                <![CDATA["Test Stripe API Customer flow"]]>
              </value>
            </param>
          </params>
          <reporter-output>
          </reporter-output>
        </test-method> <!-- runScenario -->
        <test-method status="PASS" signature="runScenario(io.cucumber.testng.PickleEventWrapper, io.cucumber.testng.CucumberFeatureWrapper)[pri:0, instance:test.stripe.api.runner.CustomerRunner@4232c52b]" name="runScenario" duration-ms="3780" started-at="2020-04-21T14:47:30 IST" description="Runs Cucumber Scenarios" data-provider="scenarios" finished-at="2020-04-21T14:47:34 IST">
          <params>
            <param index="0">
              <value>
                <![CDATA["Test E2E Flow of Stripe API customer flow"]]>
              </value>
            </param>
            <param index="1">
              <value>
                <![CDATA["Test Stripe API Customer flow"]]>
              </value>
            </param>
          </params>
          <reporter-output>
          </reporter-output>
        </test-method> <!-- runScenario -->
        <test-method status="PASS" signature="runScenario(io.cucumber.testng.PickleEventWrapper, io.cucumber.testng.CucumberFeatureWrapper)[pri:0, instance:test.stripe.api.runner.CustomerRunner@4232c52b]" name="runScenario" duration-ms="3784" started-at="2020-04-21T14:47:34 IST" description="Runs Cucumber Scenarios" data-provider="scenarios" finished-at="2020-04-21T14:47:38 IST">
          <params>
            <param index="0">
              <value>
                <![CDATA["Test E2E Flow of Stripe API customer flow"]]>
              </value>
            </param>
            <param index="1">
              <value>
                <![CDATA["Test Stripe API Customer flow"]]>
              </value>
            </param>
          </params>
          <reporter-output>
          </reporter-output>
        </test-method> <!-- runScenario -->
        <test-method status="PASS" signature="runScenario(io.cucumber.testng.PickleEventWrapper, io.cucumber.testng.CucumberFeatureWrapper)[pri:0, instance:test.stripe.api.runner.CustomerRunner@4232c52b]" name="runScenario" duration-ms="3753" started-at="2020-04-21T14:47:38 IST" description="Runs Cucumber Scenarios" data-provider="scenarios" finished-at="2020-04-21T14:47:42 IST">
          <params>
            <param index="0">
              <value>
                <![CDATA["Test E2E Flow of Stripe API customer flow"]]>
              </value>
            </param>
            <param index="1">
              <value>
                <![CDATA["Test Stripe API Customer flow"]]>
              </value>
            </param>
          </params>
          <reporter-output>
          </reporter-output>
        </test-method> <!-- runScenario -->
        <test-method status="PASS" signature="runScenario(io.cucumber.testng.PickleEventWrapper, io.cucumber.testng.CucumberFeatureWrapper)[pri:0, instance:test.stripe.api.runner.CustomerRunner@4232c52b]" name="runScenario" duration-ms="3707" started-at="2020-04-21T14:47:42 IST" description="Runs Cucumber Scenarios" data-provider="scenarios" finished-at="2020-04-21T14:47:45 IST">
          <params>
            <param index="0">
              <value>
                <![CDATA["Test E2E Flow of Stripe API customer flow"]]>
              </value>
            </param>
            <param index="1">
              <value>
                <![CDATA["Test Stripe API Customer flow"]]>
              </value>
            </param>
          </params>
          <reporter-output>
          </reporter-output>
        </test-method> <!-- runScenario -->
        <test-method status="PASS" signature="runScenario(io.cucumber.testng.PickleEventWrapper, io.cucumber.testng.CucumberFeatureWrapper)[pri:0, instance:test.stripe.api.runner.CustomerRunner@4232c52b]" name="runScenario" duration-ms="3795" started-at="2020-04-21T14:47:45 IST" description="Runs Cucumber Scenarios" data-provider="scenarios" finished-at="2020-04-21T14:47:49 IST">
          <params>
            <param index="0">
              <value>
                <![CDATA["Test E2E Flow of Stripe API customer flow"]]>
              </value>
            </param>
            <param index="1">
              <value>
                <![CDATA["Test Stripe API Customer flow"]]>
              </value>
            </param>
          </params>
          <reporter-output>
          </reporter-output>
        </test-method> <!-- runScenario -->
        <test-method status="PASS" signature="runScenario(io.cucumber.testng.PickleEventWrapper, io.cucumber.testng.CucumberFeatureWrapper)[pri:0, instance:test.stripe.api.runner.CustomerRunner@4232c52b]" name="runScenario" duration-ms="3755" started-at="2020-04-21T14:47:49 IST" description="Runs Cucumber Scenarios" data-provider="scenarios" finished-at="2020-04-21T14:47:53 IST">
          <params>
            <param index="0">
              <value>
                <![CDATA["Test E2E Flow of Stripe API customer flow"]]>
              </value>
            </param>
            <param index="1">
              <value>
                <![CDATA["Test Stripe API Customer flow"]]>
              </value>
            </param>
          </params>
          <reporter-output>
          </reporter-output>
        </test-method> <!-- runScenario -->
        <test-method status="PASS" signature="runScenario(io.cucumber.testng.PickleEventWrapper, io.cucumber.testng.CucumberFeatureWrapper)[pri:0, instance:test.stripe.api.runner.CustomerRunner@4232c52b]" name="runScenario" duration-ms="3618" started-at="2020-04-21T14:47:53 IST" description="Runs Cucumber Scenarios" data-provider="scenarios" finished-at="2020-04-21T14:47:56 IST">
          <params>
            <param index="0">
              <value>
                <![CDATA["Test E2E Flow of Stripe API customer flow"]]>
              </value>
            </param>
            <param index="1">
              <value>
                <![CDATA["Test Stripe API Customer flow"]]>
              </value>
            </param>
          </params>
          <reporter-output>
          </reporter-output>
        </test-method> <!-- runScenario -->
        <test-method status="PASS" signature="runScenario(io.cucumber.testng.PickleEventWrapper, io.cucumber.testng.CucumberFeatureWrapper)[pri:0, instance:test.stripe.api.runner.CustomerRunner@4232c52b]" name="runScenario" duration-ms="3634" started-at="2020-04-21T14:47:56 IST" description="Runs Cucumber Scenarios" data-provider="scenarios" finished-at="2020-04-21T14:48:00 IST">
          <params>
            <param index="0">
              <value>
                <![CDATA["Test E2E Flow of Stripe API customer flow"]]>
              </value>
            </param>
            <param index="1">
              <value>
                <![CDATA["Test Stripe API Customer flow"]]>
              </value>
            </param>
          </params>
          <reporter-output>
          </reporter-output>
        </test-method> <!-- runScenario -->
        <test-method status="PASS" signature="runScenario(io.cucumber.testng.PickleEventWrapper, io.cucumber.testng.CucumberFeatureWrapper)[pri:0, instance:test.stripe.api.runner.CustomerRunner@4232c52b]" name="runScenario" duration-ms="3923" started-at="2020-04-21T14:48:00 IST" description="Runs Cucumber Scenarios" data-provider="scenarios" finished-at="2020-04-21T14:48:04 IST">
          <params>
            <param index="0">
              <value>
                <![CDATA["Test E2E Flow of Stripe API customer flow"]]>
              </value>
            </param>
            <param index="1">
              <value>
                <![CDATA["Test Stripe API Customer flow"]]>
              </value>
            </param>
          </params>
          <reporter-output>
          </reporter-output>
        </test-method> <!-- runScenario -->
        <test-method status="PASS" signature="runScenario(io.cucumber.testng.PickleEventWrapper, io.cucumber.testng.CucumberFeatureWrapper)[pri:0, instance:test.stripe.api.runner.CustomerRunner@4232c52b]" name="runScenario" duration-ms="3740" started-at="2020-04-21T14:48:04 IST" description="Runs Cucumber Scenarios" data-provider="scenarios" finished-at="2020-04-21T14:48:08 IST">
          <params>
            <param index="0">
              <value>
                <![CDATA["Test E2E Flow of Stripe API customer flow"]]>
              </value>
            </param>
            <param index="1">
              <value>
                <![CDATA["Test Stripe API Customer flow"]]>
              </value>
            </param>
          </params>
          <reporter-output>
          </reporter-output>
        </test-method> <!-- runScenario -->
        <test-method status="PASS" signature="runScenario(io.cucumber.testng.PickleEventWrapper, io.cucumber.testng.CucumberFeatureWrapper)[pri:0, instance:test.stripe.api.runner.CustomerRunner@4232c52b]" name="runScenario" duration-ms="3731" started-at="2020-04-21T14:48:08 IST" description="Runs Cucumber Scenarios" data-provider="scenarios" finished-at="2020-04-21T14:48:11 IST">
          <params>
            <param index="0">
              <value>
                <![CDATA["Test E2E Flow of Stripe API customer flow"]]>
              </value>
            </param>
            <param index="1">
              <value>
                <![CDATA["Test Stripe API Customer flow"]]>
              </value>
            </param>
          </params>
          <reporter-output>
          </reporter-output>
        </test-method> <!-- runScenario -->
        <test-method status="PASS" signature="runScenario(io.cucumber.testng.PickleEventWrapper, io.cucumber.testng.CucumberFeatureWrapper)[pri:0, instance:test.stripe.api.runner.CustomerRunner@4232c52b]" name="runScenario" duration-ms="3706" started-at="2020-04-21T14:48:11 IST" description="Runs Cucumber Scenarios" data-provider="scenarios" finished-at="2020-04-21T14:48:15 IST">
          <params>
            <param index="0">
              <value>
                <![CDATA["Test E2E Flow of Stripe API customer flow"]]>
              </value>
            </param>
            <param index="1">
              <value>
                <![CDATA["Test Stripe API Customer flow"]]>
              </value>
            </param>
          </params>
          <reporter-output>
          </reporter-output>
        </test-method> <!-- runScenario -->
        <test-method status="PASS" signature="runScenario(io.cucumber.testng.PickleEventWrapper, io.cucumber.testng.CucumberFeatureWrapper)[pri:0, instance:test.stripe.api.runner.CustomerRunner@4232c52b]" name="runScenario" duration-ms="3709" started-at="2020-04-21T14:48:15 IST" description="Runs Cucumber Scenarios" data-provider="scenarios" finished-at="2020-04-21T14:48:19 IST">
          <params>
            <param index="0">
              <value>
                <![CDATA["Test E2E Flow of Stripe API customer flow"]]>
              </value>
            </param>
            <param index="1">
              <value>
                <![CDATA["Test Stripe API Customer flow"]]>
              </value>
            </param>
          </params>
          <reporter-output>
          </reporter-output>
        </test-method> <!-- runScenario -->
        <test-method status="PASS" signature="runScenario(io.cucumber.testng.PickleEventWrapper, io.cucumber.testng.CucumberFeatureWrapper)[pri:0, instance:test.stripe.api.runner.CustomerRunner@4232c52b]" name="runScenario" duration-ms="3883" started-at="2020-04-21T14:48:19 IST" description="Runs Cucumber Scenarios" data-provider="scenarios" finished-at="2020-04-21T14:48:23 IST">
          <params>
            <param index="0">
              <value>
                <![CDATA["Test E2E Flow of Stripe API customer flow"]]>
              </value>
            </param>
            <param index="1">
              <value>
                <![CDATA["Test Stripe API Customer flow"]]>
              </value>
            </param>
          </params>
          <reporter-output>
          </reporter-output>
        </test-method> <!-- runScenario -->
        <test-method status="PASS" signature="runScenario(io.cucumber.testng.PickleEventWrapper, io.cucumber.testng.CucumberFeatureWrapper)[pri:0, instance:test.stripe.api.runner.CustomerRunner@4232c52b]" name="runScenario" duration-ms="3903" started-at="2020-04-21T14:48:23 IST" description="Runs Cucumber Scenarios" data-provider="scenarios" finished-at="2020-04-21T14:48:27 IST">
          <params>
            <param index="0">
              <value>
                <![CDATA["Test E2E Flow of Stripe API customer flow"]]>
              </value>
            </param>
            <param index="1">
              <value>
                <![CDATA["Test Stripe API Customer flow"]]>
              </value>
            </param>
          </params>
          <reporter-output>
          </reporter-output>
        </test-method> <!-- runScenario -->
        <test-method status="PASS" signature="runScenario(io.cucumber.testng.PickleEventWrapper, io.cucumber.testng.CucumberFeatureWrapper)[pri:0, instance:test.stripe.api.runner.CustomerRunner@4232c52b]" name="runScenario" duration-ms="3647" started-at="2020-04-21T14:48:27 IST" description="Runs Cucumber Scenarios" data-provider="scenarios" finished-at="2020-04-21T14:48:30 IST">
          <params>
            <param index="0">
              <value>
                <![CDATA["Test E2E Flow of Stripe API customer flow"]]>
              </value>
            </param>
            <param index="1">
              <value>
                <![CDATA["Test Stripe API Customer flow"]]>
              </value>
            </param>
          </params>
          <reporter-output>
          </reporter-output>
        </test-method> <!-- runScenario -->
        <test-method status="PASS" signature="runScenario(io.cucumber.testng.PickleEventWrapper, io.cucumber.testng.CucumberFeatureWrapper)[pri:0, instance:test.stripe.api.runner.CustomerRunner@4232c52b]" name="runScenario" duration-ms="3677" started-at="2020-04-21T14:48:30 IST" description="Runs Cucumber Scenarios" data-provider="scenarios" finished-at="2020-04-21T14:48:34 IST">
          <params>
            <param index="0">
              <value>
                <![CDATA["Test E2E Flow of Stripe API customer flow"]]>
              </value>
            </param>
            <param index="1">
              <value>
                <![CDATA["Test Stripe API Customer flow"]]>
              </value>
            </param>
          </params>
          <reporter-output>
          </reporter-output>
        </test-method> <!-- runScenario -->
        <test-method status="PASS" signature="runScenario(io.cucumber.testng.PickleEventWrapper, io.cucumber.testng.CucumberFeatureWrapper)[pri:0, instance:test.stripe.api.runner.CustomerRunner@4232c52b]" name="runScenario" duration-ms="3646" started-at="2020-04-21T14:48:34 IST" description="Runs Cucumber Scenarios" data-provider="scenarios" finished-at="2020-04-21T14:48:38 IST">
          <params>
            <param index="0">
              <value>
                <![CDATA["Test E2E Flow of Stripe API customer flow"]]>
              </value>
            </param>
            <param index="1">
              <value>
                <![CDATA["Test Stripe API Customer flow"]]>
              </value>
            </param>
          </params>
          <reporter-output>
          </reporter-output>
        </test-method> <!-- runScenario -->
        <test-method status="PASS" signature="runScenario(io.cucumber.testng.PickleEventWrapper, io.cucumber.testng.CucumberFeatureWrapper)[pri:0, instance:test.stripe.api.runner.CustomerRunner@4232c52b]" name="runScenario" duration-ms="3762" started-at="2020-04-21T14:48:38 IST" description="Runs Cucumber Scenarios" data-provider="scenarios" finished-at="2020-04-21T14:48:41 IST">
          <params>
            <param index="0">
              <value>
                <![CDATA["Test E2E Flow of Stripe API customer flow"]]>
              </value>
            </param>
            <param index="1">
              <value>
                <![CDATA["Test Stripe API Customer flow"]]>
              </value>
            </param>
          </params>
          <reporter-output>
          </reporter-output>
        </test-method> <!-- runScenario -->
        <test-method status="PASS" signature="runScenario(io.cucumber.testng.PickleEventWrapper, io.cucumber.testng.CucumberFeatureWrapper)[pri:0, instance:test.stripe.api.runner.CustomerRunner@4232c52b]" name="runScenario" duration-ms="3690" started-at="2020-04-21T14:48:41 IST" description="Runs Cucumber Scenarios" data-provider="scenarios" finished-at="2020-04-21T14:48:45 IST">
          <params>
            <param index="0">
              <value>
                <![CDATA["Test E2E Flow of Stripe API customer flow"]]>
              </value>
            </param>
            <param index="1">
              <value>
                <![CDATA["Test Stripe API Customer flow"]]>
              </value>
            </param>
          </params>
          <reporter-output>
          </reporter-output>
        </test-method> <!-- runScenario -->
        <test-method status="PASS" signature="runScenario(io.cucumber.testng.PickleEventWrapper, io.cucumber.testng.CucumberFeatureWrapper)[pri:0, instance:test.stripe.api.runner.CustomerRunner@4232c52b]" name="runScenario" duration-ms="3633" started-at="2020-04-21T14:48:45 IST" description="Runs Cucumber Scenarios" data-provider="scenarios" finished-at="2020-04-21T14:48:49 IST">
          <params>
            <param index="0">
              <value>
                <![CDATA["Test E2E Flow of Stripe API customer flow"]]>
              </value>
            </param>
            <param index="1">
              <value>
                <![CDATA["Test Stripe API Customer flow"]]>
              </value>
            </param>
          </params>
          <reporter-output>
          </reporter-output>
        </test-method> <!-- runScenario -->
        <test-method status="PASS" signature="runScenario(io.cucumber.testng.PickleEventWrapper, io.cucumber.testng.CucumberFeatureWrapper)[pri:0, instance:test.stripe.api.runner.CustomerRunner@4232c52b]" name="runScenario" duration-ms="3756" started-at="2020-04-21T14:48:49 IST" description="Runs Cucumber Scenarios" data-provider="scenarios" finished-at="2020-04-21T14:48:52 IST">
          <params>
            <param index="0">
              <value>
                <![CDATA["Test E2E Flow of Stripe API customer flow"]]>
              </value>
            </param>
            <param index="1">
              <value>
                <![CDATA["Test Stripe API Customer flow"]]>
              </value>
            </param>
          </params>
          <reporter-output>
          </reporter-output>
        </test-method> <!-- runScenario -->
        <test-method status="PASS" signature="runScenario(io.cucumber.testng.PickleEventWrapper, io.cucumber.testng.CucumberFeatureWrapper)[pri:0, instance:test.stripe.api.runner.CustomerRunner@4232c52b]" name="runScenario" duration-ms="3700" started-at="2020-04-21T14:48:52 IST" description="Runs Cucumber Scenarios" data-provider="scenarios" finished-at="2020-04-21T14:48:56 IST">
          <params>
            <param index="0">
              <value>
                <![CDATA["Test E2E Flow of Stripe API customer flow"]]>
              </value>
            </param>
            <param index="1">
              <value>
                <![CDATA["Test Stripe API Customer flow"]]>
              </value>
            </param>
          </params>
          <reporter-output>
          </reporter-output>
        </test-method> <!-- runScenario -->
        <test-method status="PASS" signature="runScenario(io.cucumber.testng.PickleEventWrapper, io.cucumber.testng.CucumberFeatureWrapper)[pri:0, instance:test.stripe.api.runner.CustomerRunner@4232c52b]" name="runScenario" duration-ms="3664" started-at="2020-04-21T14:48:56 IST" description="Runs Cucumber Scenarios" data-provider="scenarios" finished-at="2020-04-21T14:49:00 IST">
          <params>
            <param index="0">
              <value>
                <![CDATA["Test E2E Flow of Stripe API customer flow"]]>
              </value>
            </param>
            <param index="1">
              <value>
                <![CDATA["Test Stripe API Customer flow version 2 for test"]]>
              </value>
            </param>
          </params>
          <reporter-output>
          </reporter-output>
        </test-method> <!-- runScenario -->
        <test-method status="PASS" signature="runScenario(io.cucumber.testng.PickleEventWrapper, io.cucumber.testng.CucumberFeatureWrapper)[pri:0, instance:test.stripe.api.runner.CustomerRunner@4232c52b]" name="runScenario" duration-ms="3768" started-at="2020-04-21T14:49:00 IST" description="Runs Cucumber Scenarios" data-provider="scenarios" finished-at="2020-04-21T14:49:04 IST">
          <params>
            <param index="0">
              <value>
                <![CDATA["Test E2E Flow of Stripe API customer flow"]]>
              </value>
            </param>
            <param index="1">
              <value>
                <![CDATA["Test Stripe API Customer flow version 2 for test"]]>
              </value>
            </param>
          </params>
          <reporter-output>
          </reporter-output>
        </test-method> <!-- runScenario -->
        <test-method status="PASS" signature="runScenario(io.cucumber.testng.PickleEventWrapper, io.cucumber.testng.CucumberFeatureWrapper)[pri:0, instance:test.stripe.api.runner.CustomerRunner@4232c52b]" name="runScenario" duration-ms="3777" started-at="2020-04-21T14:49:04 IST" description="Runs Cucumber Scenarios" data-provider="scenarios" finished-at="2020-04-21T14:49:07 IST">
          <params>
            <param index="0">
              <value>
                <![CDATA["Test E2E Flow of Stripe API customer flow"]]>
              </value>
            </param>
            <param index="1">
              <value>
                <![CDATA["Test Stripe API Customer flow version 2 for test"]]>
              </value>
            </param>
          </params>
          <reporter-output>
          </reporter-output>
        </test-method> <!-- runScenario -->
        <test-method status="PASS" signature="runScenario(io.cucumber.testng.PickleEventWrapper, io.cucumber.testng.CucumberFeatureWrapper)[pri:0, instance:test.stripe.api.runner.CustomerRunner@4232c52b]" name="runScenario" duration-ms="3694" started-at="2020-04-21T14:49:07 IST" description="Runs Cucumber Scenarios" data-provider="scenarios" finished-at="2020-04-21T14:49:11 IST">
          <params>
            <param index="0">
              <value>
                <![CDATA["Test E2E Flow of Stripe API customer flow"]]>
              </value>
            </param>
            <param index="1">
              <value>
                <![CDATA["Test Stripe API Customer flow version 2 for test"]]>
              </value>
            </param>
          </params>
          <reporter-output>
          </reporter-output>
        </test-method> <!-- runScenario -->
        <test-method status="PASS" signature="runScenario(io.cucumber.testng.PickleEventWrapper, io.cucumber.testng.CucumberFeatureWrapper)[pri:0, instance:test.stripe.api.runner.CustomerRunner@4232c52b]" name="runScenario" duration-ms="3741" started-at="2020-04-21T14:49:11 IST" description="Runs Cucumber Scenarios" data-provider="scenarios" finished-at="2020-04-21T14:49:15 IST">
          <params>
            <param index="0">
              <value>
                <![CDATA["Test E2E Flow of Stripe API customer flow"]]>
              </value>
            </param>
            <param index="1">
              <value>
                <![CDATA["Test Stripe API Customer flow version 2 for test"]]>
              </value>
            </param>
          </params>
          <reporter-output>
          </reporter-output>
        </test-method> <!-- runScenario -->
        <test-method status="PASS" signature="runScenario(io.cucumber.testng.PickleEventWrapper, io.cucumber.testng.CucumberFeatureWrapper)[pri:0, instance:test.stripe.api.runner.CustomerRunner@4232c52b]" name="runScenario" duration-ms="3804" started-at="2020-04-21T14:49:15 IST" description="Runs Cucumber Scenarios" data-provider="scenarios" finished-at="2020-04-21T14:49:19 IST">
          <params>
            <param index="0">
              <value>
                <![CDATA["Test E2E Flow of Stripe API customer flow"]]>
              </value>
            </param>
            <param index="1">
              <value>
                <![CDATA["Test Stripe API Customer flow version 2 for test"]]>
              </value>
            </param>
          </params>
          <reporter-output>
          </reporter-output>
        </test-method> <!-- runScenario -->
        <test-method status="PASS" signature="runScenario(io.cucumber.testng.PickleEventWrapper, io.cucumber.testng.CucumberFeatureWrapper)[pri:0, instance:test.stripe.api.runner.CustomerRunner@4232c52b]" name="runScenario" duration-ms="3815" started-at="2020-04-21T14:49:19 IST" description="Runs Cucumber Scenarios" data-provider="scenarios" finished-at="2020-04-21T14:49:22 IST">
          <params>
            <param index="0">
              <value>
                <![CDATA["Test E2E Flow of Stripe API customer flow"]]>
              </value>
            </param>
            <param index="1">
              <value>
                <![CDATA["Test Stripe API Customer flow version 2 for test"]]>
              </value>
            </param>
          </params>
          <reporter-output>
          </reporter-output>
        </test-method> <!-- runScenario -->
        <test-method status="PASS" signature="runScenario(io.cucumber.testng.PickleEventWrapper, io.cucumber.testng.CucumberFeatureWrapper)[pri:0, instance:test.stripe.api.runner.CustomerRunner@4232c52b]" name="runScenario" duration-ms="3838" started-at="2020-04-21T14:49:22 IST" description="Runs Cucumber Scenarios" data-provider="scenarios" finished-at="2020-04-21T14:49:26 IST">
          <params>
            <param index="0">
              <value>
                <![CDATA["Test E2E Flow of Stripe API customer flow"]]>
              </value>
            </param>
            <param index="1">
              <value>
                <![CDATA["Test Stripe API Customer flow version 2 for test"]]>
              </value>
            </param>
          </params>
          <reporter-output>
          </reporter-output>
        </test-method> <!-- runScenario -->
        <test-method status="PASS" signature="runScenario(io.cucumber.testng.PickleEventWrapper, io.cucumber.testng.CucumberFeatureWrapper)[pri:0, instance:test.stripe.api.runner.CustomerRunner@4232c52b]" name="runScenario" duration-ms="3834" started-at="2020-04-21T14:49:26 IST" description="Runs Cucumber Scenarios" data-provider="scenarios" finished-at="2020-04-21T14:49:30 IST">
          <params>
            <param index="0">
              <value>
                <![CDATA["Test E2E Flow of Stripe API customer flow"]]>
              </value>
            </param>
            <param index="1">
              <value>
                <![CDATA["Test Stripe API Customer flow version 2 for test"]]>
              </value>
            </param>
          </params>
          <reporter-output>
          </reporter-output>
        </test-method> <!-- runScenario -->
        <test-method status="PASS" signature="runScenario(io.cucumber.testng.PickleEventWrapper, io.cucumber.testng.CucumberFeatureWrapper)[pri:0, instance:test.stripe.api.runner.CustomerRunner@4232c52b]" name="runScenario" duration-ms="3860" started-at="2020-04-21T14:49:30 IST" description="Runs Cucumber Scenarios" data-provider="scenarios" finished-at="2020-04-21T14:49:34 IST">
          <params>
            <param index="0">
              <value>
                <![CDATA["Test E2E Flow of Stripe API customer flow"]]>
              </value>
            </param>
            <param index="1">
              <value>
                <![CDATA["Test Stripe API Customer flow version 2 for test"]]>
              </value>
            </param>
          </params>
          <reporter-output>
          </reporter-output>
        </test-method> <!-- runScenario -->
        <test-method status="PASS" signature="runScenario(io.cucumber.testng.PickleEventWrapper, io.cucumber.testng.CucumberFeatureWrapper)[pri:0, instance:test.stripe.api.runner.CustomerRunner@4232c52b]" name="runScenario" duration-ms="3860" started-at="2020-04-21T14:49:34 IST" description="Runs Cucumber Scenarios" data-provider="scenarios" finished-at="2020-04-21T14:49:38 IST">
          <params>
            <param index="0">
              <value>
                <![CDATA["Test E2E Flow of Stripe API customer flow"]]>
              </value>
            </param>
            <param index="1">
              <value>
                <![CDATA["Test Stripe API Customer flow version 2 for test"]]>
              </value>
            </param>
          </params>
          <reporter-output>
          </reporter-output>
        </test-method> <!-- runScenario -->
        <test-method status="PASS" signature="runScenario(io.cucumber.testng.PickleEventWrapper, io.cucumber.testng.CucumberFeatureWrapper)[pri:0, instance:test.stripe.api.runner.CustomerRunner@4232c52b]" name="runScenario" duration-ms="4074" started-at="2020-04-21T14:49:38 IST" description="Runs Cucumber Scenarios" data-provider="scenarios" finished-at="2020-04-21T14:49:42 IST">
          <params>
            <param index="0">
              <value>
                <![CDATA["Test E2E Flow of Stripe API customer flow"]]>
              </value>
            </param>
            <param index="1">
              <value>
                <![CDATA["Test Stripe API Customer flow version 2 for test"]]>
              </value>
            </param>
          </params>
          <reporter-output>
          </reporter-output>
        </test-method> <!-- runScenario -->
        <test-method status="PASS" signature="runScenario(io.cucumber.testng.PickleEventWrapper, io.cucumber.testng.CucumberFeatureWrapper)[pri:0, instance:test.stripe.api.runner.CustomerRunner@4232c52b]" name="runScenario" duration-ms="3729" started-at="2020-04-21T14:49:42 IST" description="Runs Cucumber Scenarios" data-provider="scenarios" finished-at="2020-04-21T14:49:46 IST">
          <params>
            <param index="0">
              <value>
                <![CDATA["Test E2E Flow of Stripe API customer flow"]]>
              </value>
            </param>
            <param index="1">
              <value>
                <![CDATA["Test Stripe API Customer flow version 2 for test"]]>
              </value>
            </param>
          </params>
          <reporter-output>
          </reporter-output>
        </test-method> <!-- runScenario -->
        <test-method status="PASS" signature="runScenario(io.cucumber.testng.PickleEventWrapper, io.cucumber.testng.CucumberFeatureWrapper)[pri:0, instance:test.stripe.api.runner.CustomerRunner@4232c52b]" name="runScenario" duration-ms="3593" started-at="2020-04-21T14:49:46 IST" description="Runs Cucumber Scenarios" data-provider="scenarios" finished-at="2020-04-21T14:49:49 IST">
          <params>
            <param index="0">
              <value>
                <![CDATA["Test E2E Flow of Stripe API customer flow"]]>
              </value>
            </param>
            <param index="1">
              <value>
                <![CDATA["Test Stripe API Customer flow version 2 for test"]]>
              </value>
            </param>
          </params>
          <reporter-output>
          </reporter-output>
        </test-method> <!-- runScenario -->
        <test-method status="PASS" signature="runScenario(io.cucumber.testng.PickleEventWrapper, io.cucumber.testng.CucumberFeatureWrapper)[pri:0, instance:test.stripe.api.runner.CustomerRunner@4232c52b]" name="runScenario" duration-ms="3606" started-at="2020-04-21T14:49:49 IST" description="Runs Cucumber Scenarios" data-provider="scenarios" finished-at="2020-04-21T14:49:53 IST">
          <params>
            <param index="0">
              <value>
                <![CDATA["Test E2E Flow of Stripe API customer flow"]]>
              </value>
            </param>
            <param index="1">
              <value>
                <![CDATA["Test Stripe API Customer flow version 2 for test"]]>
              </value>
            </param>
          </params>
          <reporter-output>
          </reporter-output>
        </test-method> <!-- runScenario -->
        <test-method status="PASS" signature="runScenario(io.cucumber.testng.PickleEventWrapper, io.cucumber.testng.CucumberFeatureWrapper)[pri:0, instance:test.stripe.api.runner.CustomerRunner@4232c52b]" name="runScenario" duration-ms="3677" started-at="2020-04-21T14:49:53 IST" description="Runs Cucumber Scenarios" data-provider="scenarios" finished-at="2020-04-21T14:49:57 IST">
          <params>
            <param index="0">
              <value>
                <![CDATA["Test E2E Flow of Stripe API customer flow"]]>
              </value>
            </param>
            <param index="1">
              <value>
                <![CDATA["Test Stripe API Customer flow version 2 for test"]]>
              </value>
            </param>
          </params>
          <reporter-output>
          </reporter-output>
        </test-method> <!-- runScenario -->
        <test-method status="PASS" signature="runScenario(io.cucumber.testng.PickleEventWrapper, io.cucumber.testng.CucumberFeatureWrapper)[pri:0, instance:test.stripe.api.runner.CustomerRunner@4232c52b]" name="runScenario" duration-ms="3673" started-at="2020-04-21T14:49:57 IST" description="Runs Cucumber Scenarios" data-provider="scenarios" finished-at="2020-04-21T14:50:00 IST">
          <params>
            <param index="0">
              <value>
                <![CDATA["Test E2E Flow of Stripe API customer flow"]]>
              </value>
            </param>
            <param index="1">
              <value>
                <![CDATA["Test Stripe API Customer flow version 2 for test"]]>
              </value>
            </param>
          </params>
          <reporter-output>
          </reporter-output>
        </test-method> <!-- runScenario -->
        <test-method status="PASS" signature="runScenario(io.cucumber.testng.PickleEventWrapper, io.cucumber.testng.CucumberFeatureWrapper)[pri:0, instance:test.stripe.api.runner.CustomerRunner@4232c52b]" name="runScenario" duration-ms="3668" started-at="2020-04-21T14:50:00 IST" description="Runs Cucumber Scenarios" data-provider="scenarios" finished-at="2020-04-21T14:50:04 IST">
          <params>
            <param index="0">
              <value>
                <![CDATA["Test E2E Flow of Stripe API customer flow"]]>
              </value>
            </param>
            <param index="1">
              <value>
                <![CDATA["Test Stripe API Customer flow version 2 for test"]]>
              </value>
            </param>
          </params>
          <reporter-output>
          </reporter-output>
        </test-method> <!-- runScenario -->
        <test-method status="PASS" signature="runScenario(io.cucumber.testng.PickleEventWrapper, io.cucumber.testng.CucumberFeatureWrapper)[pri:0, instance:test.stripe.api.runner.CustomerRunner@4232c52b]" name="runScenario" duration-ms="3684" started-at="2020-04-21T14:50:04 IST" description="Runs Cucumber Scenarios" data-provider="scenarios" finished-at="2020-04-21T14:50:08 IST">
          <params>
            <param index="0">
              <value>
                <![CDATA["Test E2E Flow of Stripe API customer flow"]]>
              </value>
            </param>
            <param index="1">
              <value>
                <![CDATA["Test Stripe API Customer flow version 2 for test"]]>
              </value>
            </param>
          </params>
          <reporter-output>
          </reporter-output>
        </test-method> <!-- runScenario -->
        <test-method status="PASS" signature="runScenario(io.cucumber.testng.PickleEventWrapper, io.cucumber.testng.CucumberFeatureWrapper)[pri:0, instance:test.stripe.api.runner.CustomerRunner@4232c52b]" name="runScenario" duration-ms="3660" started-at="2020-04-21T14:50:08 IST" description="Runs Cucumber Scenarios" data-provider="scenarios" finished-at="2020-04-21T14:50:11 IST">
          <params>
            <param index="0">
              <value>
                <![CDATA["Test E2E Flow of Stripe API customer flow"]]>
              </value>
            </param>
            <param index="1">
              <value>
                <![CDATA["Test Stripe API Customer flow version 2 for test"]]>
              </value>
            </param>
          </params>
          <reporter-output>
          </reporter-output>
        </test-method> <!-- runScenario -->
        <test-method status="PASS" signature="runScenario(io.cucumber.testng.PickleEventWrapper, io.cucumber.testng.CucumberFeatureWrapper)[pri:0, instance:test.stripe.api.runner.CustomerRunner@4232c52b]" name="runScenario" duration-ms="3632" started-at="2020-04-21T14:50:11 IST" description="Runs Cucumber Scenarios" data-provider="scenarios" finished-at="2020-04-21T14:50:15 IST">
          <params>
            <param index="0">
              <value>
                <![CDATA["Test E2E Flow of Stripe API customer flow"]]>
              </value>
            </param>
            <param index="1">
              <value>
                <![CDATA["Test Stripe API Customer flow version 2 for test"]]>
              </value>
            </param>
          </params>
          <reporter-output>
          </reporter-output>
        </test-method> <!-- runScenario -->
        <test-method status="PASS" signature="runScenario(io.cucumber.testng.PickleEventWrapper, io.cucumber.testng.CucumberFeatureWrapper)[pri:0, instance:test.stripe.api.runner.CustomerRunner@4232c52b]" name="runScenario" duration-ms="3731" started-at="2020-04-21T14:50:15 IST" description="Runs Cucumber Scenarios" data-provider="scenarios" finished-at="2020-04-21T14:50:19 IST">
          <params>
            <param index="0">
              <value>
                <![CDATA["Test E2E Flow of Stripe API customer flow"]]>
              </value>
            </param>
            <param index="1">
              <value>
                <![CDATA["Test Stripe API Customer flow version 2 for test"]]>
              </value>
            </param>
          </params>
          <reporter-output>
          </reporter-output>
        </test-method> <!-- runScenario -->
        <test-method status="PASS" signature="runScenario(io.cucumber.testng.PickleEventWrapper, io.cucumber.testng.CucumberFeatureWrapper)[pri:0, instance:test.stripe.api.runner.CustomerRunner@4232c52b]" name="runScenario" duration-ms="3800" started-at="2020-04-21T14:50:19 IST" description="Runs Cucumber Scenarios" data-provider="scenarios" finished-at="2020-04-21T14:50:22 IST">
          <params>
            <param index="0">
              <value>
                <![CDATA["Test E2E Flow of Stripe API customer flow"]]>
              </value>
            </param>
            <param index="1">
              <value>
                <![CDATA["Test Stripe API Customer flow version 2 for test"]]>
              </value>
            </param>
          </params>
          <reporter-output>
          </reporter-output>
        </test-method> <!-- runScenario -->
        <test-method status="PASS" signature="runScenario(io.cucumber.testng.PickleEventWrapper, io.cucumber.testng.CucumberFeatureWrapper)[pri:0, instance:test.stripe.api.runner.CustomerRunner@4232c52b]" name="runScenario" duration-ms="3597" started-at="2020-04-21T14:50:22 IST" description="Runs Cucumber Scenarios" data-provider="scenarios" finished-at="2020-04-21T14:50:26 IST">
          <params>
            <param index="0">
              <value>
                <![CDATA["Test E2E Flow of Stripe API customer flow"]]>
              </value>
            </param>
            <param index="1">
              <value>
                <![CDATA["Test Stripe API Customer flow version 2 for test"]]>
              </value>
            </param>
          </params>
          <reporter-output>
          </reporter-output>
        </test-method> <!-- runScenario -->
        <test-method status="PASS" signature="runScenario(io.cucumber.testng.PickleEventWrapper, io.cucumber.testng.CucumberFeatureWrapper)[pri:0, instance:test.stripe.api.runner.CustomerRunner@4232c52b]" name="runScenario" duration-ms="3828" started-at="2020-04-21T14:50:26 IST" description="Runs Cucumber Scenarios" data-provider="scenarios" finished-at="2020-04-21T14:50:30 IST">
          <params>
            <param index="0">
              <value>
                <![CDATA["Test E2E Flow of Stripe API customer flow"]]>
              </value>
            </param>
            <param index="1">
              <value>
                <![CDATA["Test Stripe API Customer flow version 2 for test"]]>
              </value>
            </param>
          </params>
          <reporter-output>
          </reporter-output>
        </test-method> <!-- runScenario -->
        <test-method status="PASS" signature="runScenario(io.cucumber.testng.PickleEventWrapper, io.cucumber.testng.CucumberFeatureWrapper)[pri:0, instance:test.stripe.api.runner.CustomerRunner@4232c52b]" name="runScenario" duration-ms="3645" started-at="2020-04-21T14:50:30 IST" description="Runs Cucumber Scenarios" data-provider="scenarios" finished-at="2020-04-21T14:50:33 IST">
          <params>
            <param index="0">
              <value>
                <![CDATA["Test E2E Flow of Stripe API customer flow"]]>
              </value>
            </param>
            <param index="1">
              <value>
                <![CDATA["Test Stripe API Customer flow version 2 for test"]]>
              </value>
            </param>
          </params>
          <reporter-output>
          </reporter-output>
        </test-method> <!-- runScenario -->
        <test-method status="PASS" signature="runScenario(io.cucumber.testng.PickleEventWrapper, io.cucumber.testng.CucumberFeatureWrapper)[pri:0, instance:test.stripe.api.runner.CustomerRunner@4232c52b]" name="runScenario" duration-ms="3593" started-at="2020-04-21T14:50:33 IST" description="Runs Cucumber Scenarios" data-provider="scenarios" finished-at="2020-04-21T14:50:37 IST">
          <params>
            <param index="0">
              <value>
                <![CDATA["Test E2E Flow of Stripe API customer flow"]]>
              </value>
            </param>
            <param index="1">
              <value>
                <![CDATA["Test Stripe API Customer flow version 2 for test"]]>
              </value>
            </param>
          </params>
          <reporter-output>
          </reporter-output>
        </test-method> <!-- runScenario -->
        <test-method status="PASS" signature="runScenario(io.cucumber.testng.PickleEventWrapper, io.cucumber.testng.CucumberFeatureWrapper)[pri:0, instance:test.stripe.api.runner.CustomerRunner@4232c52b]" name="runScenario" duration-ms="3632" started-at="2020-04-21T14:50:37 IST" description="Runs Cucumber Scenarios" data-provider="scenarios" finished-at="2020-04-21T14:50:41 IST">
          <params>
            <param index="0">
              <value>
                <![CDATA["Test E2E Flow of Stripe API customer flow"]]>
              </value>
            </param>
            <param index="1">
              <value>
                <![CDATA["Test Stripe API Customer flow version 2 for test"]]>
              </value>
            </param>
          </params>
          <reporter-output>
          </reporter-output>
        </test-method> <!-- runScenario -->
        <test-method status="PASS" signature="runScenario(io.cucumber.testng.PickleEventWrapper, io.cucumber.testng.CucumberFeatureWrapper)[pri:0, instance:test.stripe.api.runner.CustomerRunner@4232c52b]" name="runScenario" duration-ms="3598" started-at="2020-04-21T14:50:41 IST" description="Runs Cucumber Scenarios" data-provider="scenarios" finished-at="2020-04-21T14:50:44 IST">
          <params>
            <param index="0">
              <value>
                <![CDATA["Test E2E Flow of Stripe API customer flow"]]>
              </value>
            </param>
            <param index="1">
              <value>
                <![CDATA["Test Stripe API Customer flow version 2 for test"]]>
              </value>
            </param>
          </params>
          <reporter-output>
          </reporter-output>
        </test-method> <!-- runScenario -->
        <test-method status="PASS" signature="runScenario(io.cucumber.testng.PickleEventWrapper, io.cucumber.testng.CucumberFeatureWrapper)[pri:0, instance:test.stripe.api.runner.CustomerRunner@4232c52b]" name="runScenario" duration-ms="3485" started-at="2020-04-21T14:50:44 IST" description="Runs Cucumber Scenarios" data-provider="scenarios" finished-at="2020-04-21T14:50:48 IST">
          <params>
            <param index="0">
              <value>
                <![CDATA["Test E2E Flow of Stripe API customer flow"]]>
              </value>
            </param>
            <param index="1">
              <value>
                <![CDATA["Test Stripe API Customer flow version 2 for test"]]>
              </value>
            </param>
          </params>
          <reporter-output>
          </reporter-output>
        </test-method> <!-- runScenario -->
        <test-method status="PASS" signature="runScenario(io.cucumber.testng.PickleEventWrapper, io.cucumber.testng.CucumberFeatureWrapper)[pri:0, instance:test.stripe.api.runner.CustomerRunner@4232c52b]" name="runScenario" duration-ms="3933" started-at="2020-04-21T14:50:48 IST" description="Runs Cucumber Scenarios" data-provider="scenarios" finished-at="2020-04-21T14:50:52 IST">
          <params>
            <param index="0">
              <value>
                <![CDATA["Test E2E Flow of Stripe API customer flow"]]>
              </value>
            </param>
            <param index="1">
              <value>
                <![CDATA["Test Stripe API Customer flow version 2 for test"]]>
              </value>
            </param>
          </params>
          <reporter-output>
          </reporter-output>
        </test-method> <!-- runScenario -->
        <test-method status="PASS" signature="runScenario(io.cucumber.testng.PickleEventWrapper, io.cucumber.testng.CucumberFeatureWrapper)[pri:0, instance:test.stripe.api.runner.CustomerRunner@4232c52b]" name="runScenario" duration-ms="3966" started-at="2020-04-21T14:50:52 IST" description="Runs Cucumber Scenarios" data-provider="scenarios" finished-at="2020-04-21T14:50:56 IST">
          <params>
            <param index="0">
              <value>
                <![CDATA["Test E2E Flow of Stripe API customer flow"]]>
              </value>
            </param>
            <param index="1">
              <value>
                <![CDATA["Test Stripe API Customer flow version 2 for test"]]>
              </value>
            </param>
          </params>
          <reporter-output>
          </reporter-output>
        </test-method> <!-- runScenario -->
        <test-method status="PASS" signature="runScenario(io.cucumber.testng.PickleEventWrapper, io.cucumber.testng.CucumberFeatureWrapper)[pri:0, instance:test.stripe.api.runner.CustomerRunner@4232c52b]" name="runScenario" duration-ms="4149" started-at="2020-04-21T14:50:56 IST" description="Runs Cucumber Scenarios" data-provider="scenarios" finished-at="2020-04-21T14:51:00 IST">
          <params>
            <param index="0">
              <value>
                <![CDATA["Test E2E Flow of Stripe API customer flow"]]>
              </value>
            </param>
            <param index="1">
              <value>
                <![CDATA["Test Stripe API Customer flow version 2 for test"]]>
              </value>
            </param>
          </params>
          <reporter-output>
          </reporter-output>
        </test-method> <!-- runScenario -->
        <test-method status="PASS" signature="runScenario(io.cucumber.testng.PickleEventWrapper, io.cucumber.testng.CucumberFeatureWrapper)[pri:0, instance:test.stripe.api.runner.CustomerRunner@4232c52b]" name="runScenario" duration-ms="3601" started-at="2020-04-21T14:51:00 IST" description="Runs Cucumber Scenarios" data-provider="scenarios" finished-at="2020-04-21T14:51:03 IST">
          <params>
            <param index="0">
              <value>
                <![CDATA["Test E2E Flow of Stripe API customer flow"]]>
              </value>
            </param>
            <param index="1">
              <value>
                <![CDATA["Test Stripe API Customer flow version 2 for test"]]>
              </value>
            </param>
          </params>
          <reporter-output>
          </reporter-output>
        </test-method> <!-- runScenario -->
        <test-method status="PASS" signature="runScenario(io.cucumber.testng.PickleEventWrapper, io.cucumber.testng.CucumberFeatureWrapper)[pri:0, instance:test.stripe.api.runner.CustomerRunner@4232c52b]" name="runScenario" duration-ms="3570" started-at="2020-04-21T14:51:03 IST" description="Runs Cucumber Scenarios" data-provider="scenarios" finished-at="2020-04-21T14:51:07 IST">
          <params>
            <param index="0">
              <value>
                <![CDATA["Test E2E Flow of Stripe API customer flow"]]>
              </value>
            </param>
            <param index="1">
              <value>
                <![CDATA["Test Stripe API Customer flow version 2 for test"]]>
              </value>
            </param>
          </params>
          <reporter-output>
          </reporter-output>
        </test-method> <!-- runScenario -->
        <test-method status="PASS" signature="runScenario(io.cucumber.testng.PickleEventWrapper, io.cucumber.testng.CucumberFeatureWrapper)[pri:0, instance:test.stripe.api.runner.CustomerRunner@4232c52b]" name="runScenario" duration-ms="8329" started-at="2020-04-21T14:51:07 IST" description="Runs Cucumber Scenarios" data-provider="scenarios" finished-at="2020-04-21T14:51:15 IST">
          <params>
            <param index="0">
              <value>
                <![CDATA["Test E2E Flow of Stripe API customer flow"]]>
              </value>
            </param>
            <param index="1">
              <value>
                <![CDATA["Test Stripe API Customer flow version 2 for test"]]>
              </value>
            </param>
          </params>
          <reporter-output>
          </reporter-output>
        </test-method> <!-- runScenario -->
        <test-method status="PASS" signature="tearDownClass()[pri:0, instance:test.stripe.api.runner.CustomerRunner@4232c52b]" name="tearDownClass" is-config="true" duration-ms="3911" started-at="2020-04-21T14:51:15 IST" finished-at="2020-04-21T14:51:19 IST">
          <reporter-output>
          </reporter-output>
        </test-method> <!-- tearDownClass -->
      </class> <!-- test.stripe.api.runner.CustomerRunner -->
    </test> <!-- Test -->
  </suite> <!-- Suite -->
</testng-results>
