<?xml version="1.0" encoding="UTF-8"?>
<testng-results skipped="0" failed="2" ignored="0" total="8" passed="6">
  <reporter-output>
  </reporter-output>
  <suite name="Suite" duration-ms="11801" started-at="2020-04-10T23:23:40 IST" finished-at="2020-04-10T23:23:52 IST">
    <groups>
    </groups>
    <test name="Test" duration-ms="11801" started-at="2020-04-10T23:23:40 IST" finished-at="2020-04-10T23:23:52 IST">
      <class name="test.stripe.api.FlowTest">
        <test-method status="PASS" signature="createCustomer()[pri:1, instance:test.stripe.api.FlowTest@8f2ef19]" name="createCustomer" duration-ms="4861" started-at="2020-04-10T23:23:40 IST" description="create a blank customer" finished-at="2020-04-10T23:23:45 IST">
          <reporter-output>
          </reporter-output>
        </test-method> <!-- createCustomer -->
        <test-method status="PASS" signature="getCustomerDetails()[pri:0, instance:test.stripe.api.FlowTest@8f2ef19]" name="getCustomerDetails" duration-ms="1088" started-at="2020-04-10T23:23:45 IST" description="Get customer details" depends-on-methods="test.stripe.api.FlowTest.createCustomer" finished-at="2020-04-10T23:23:46 IST">
          <reporter-output>
          </reporter-output>
        </test-method> <!-- getCustomerDetails -->
        <test-method status="PASS" signature="updateCustomer(java.util.Map)[pri:2, instance:test.stripe.api.FlowTest@8f2ef19]" name="updateCustomer" duration-ms="698" started-at="2020-04-10T23:23:47 IST" description="Update customer data" data-provider="dataProvider" finished-at="2020-04-10T23:23:48 IST">
          <params>
            <param index="0">
              <value>
                <![CDATA[{email=2122@email.com, custId=cus_H4UfXFvcyIAryp, description=Customer no 1}]]>
              </value>
            </param>
          </params>
          <reporter-output>
          </reporter-output>
        </test-method> <!-- updateCustomer -->
        <test-method status="PASS" signature="updateCustomer(java.util.Map)[pri:2, instance:test.stripe.api.FlowTest@8f2ef19]" name="updateCustomer" duration-ms="660" started-at="2020-04-10T23:23:48 IST" description="Update customer data" data-provider="dataProvider" finished-at="2020-04-10T23:23:49 IST">
          <params>
            <param index="0">
              <value>
                <![CDATA[{email=333@email.com, custId=cus_H4Uaiet9m8mye3, description=Customer no 2}]]>
              </value>
            </param>
          </params>
          <reporter-output>
          </reporter-output>
        </test-method> <!-- updateCustomer -->
        <test-method name="validatedUpdatedCustomerDetails" signature="validatedUpdatedCustomerDetails(java.util.Map)[pri:0, instance:test.stripe.api.FlowTest@8f2ef19]" status="PASS" duration-ms="696" finished-at="2020-04-10T23:23:50 IST" started-at="2020-04-10T23:23:49 IST" depends-on-methods="test.stripe.api.FlowTest.updateCustomer" data-provider="dataProvider" description="Validate updated customer details">
          <params>
            <param index="0">
              <value>
                <![CDATA[{email=2122@email.com, custId=cus_H4UfXFvcyIAryp, description=Customer no 1}]]>
              </value>
            </param>
          </params>
          <reporter-output>
          </reporter-output>
        </test-method> <!-- validatedUpdatedCustomerDetails -->
        <test-method name="validatedUpdatedCustomerDetails" signature="validatedUpdatedCustomerDetails(java.util.Map)[pri:0, instance:test.stripe.api.FlowTest@8f2ef19]" status="PASS" duration-ms="685" finished-at="2020-04-10T23:23:50 IST" started-at="2020-04-10T23:23:50 IST" depends-on-methods="test.stripe.api.FlowTest.updateCustomer" data-provider="dataProvider" description="Validate updated customer details">
          <params>
            <param index="0">
              <value>
                <![CDATA[{email=333@email.com, custId=cus_H4Uaiet9m8mye3, description=Customer no 2}]]>
              </value>
            </param>
          </params>
          <reporter-output>
          </reporter-output>
        </test-method> <!-- validatedUpdatedCustomerDetails -->
        <test-method name="deleteCustomer" signature="deleteCustomer(java.util.Map)[pri:0, instance:test.stripe.api.FlowTest@8f2ef19]" status="FAIL" duration-ms="852" finished-at="2020-04-10T23:23:51 IST" started-at="2020-04-10T23:23:50 IST" depends-on-methods="test.stripe.api.FlowTest.validatedUpdatedCustomerDetails" data-provider="dataProvider" description="delete customer">
          <params>
            <param index="0">
              <value>
                <![CDATA[{custId=cus_H4UfXFvcyIAryp}]]>
              </value>
            </param>
          </params>
          <exception class="java.lang.NullPointerException">
            <full-stacktrace>
              <![CDATA[java.lang.NullPointerException
at test.stripe.api.FlowTest.deleteCustomer(FlowTest.java:83)
at sun.reflect.NativeMethodAccessorImpl.invoke0(Native Method)
at sun.reflect.NativeMethodAccessorImpl.invoke(NativeMethodAccessorImpl.java:62)
at sun.reflect.DelegatingMethodAccessorImpl.invoke(DelegatingMethodAccessorImpl.java:43)
at java.lang.reflect.Method.invoke(Method.java:498)
at org.testng.internal.MethodInvocationHelper.invokeMethod(MethodInvocationHelper.java:134)
at org.testng.internal.TestInvoker.invokeMethod(TestInvoker.java:597)
at org.testng.internal.TestInvoker.invokeTestMethod(TestInvoker.java:173)
at org.testng.internal.MethodRunner.runInSequence(MethodRunner.java:46)
at org.testng.internal.TestInvoker$MethodInvocationAgent.invoke(TestInvoker.java:816)
at org.testng.internal.TestInvoker.invokeTestMethods(TestInvoker.java:146)
at org.testng.internal.TestMethodWorker.invokeTestMethods(TestMethodWorker.java:146)
at org.testng.internal.TestMethodWorker.run(TestMethodWorker.java:128)
at java.util.ArrayList.forEach(ArrayList.java:1257)
at org.testng.TestRunner.privateRun(TestRunner.java:766)
at org.testng.TestRunner.run(TestRunner.java:587)
at org.testng.SuiteRunner.runTest(SuiteRunner.java:384)
at org.testng.SuiteRunner.runSequentially(SuiteRunner.java:378)
at org.testng.SuiteRunner.privateRun(SuiteRunner.java:337)
at org.testng.SuiteRunner.run(SuiteRunner.java:286)
at org.testng.SuiteRunnerWorker.runSuite(SuiteRunnerWorker.java:53)
at org.testng.SuiteRunnerWorker.run(SuiteRunnerWorker.java:96)
at org.testng.TestNG.runSuitesSequentially(TestNG.java:1187)
at org.testng.TestNG.runSuitesLocally(TestNG.java:1109)
at org.testng.TestNG.runSuites(TestNG.java:1039)
at org.testng.TestNG.run(TestNG.java:1007)
at org.testng.remote.AbstractRemoteTestNG.run(AbstractRemoteTestNG.java:115)
at org.testng.remote.RemoteTestNG.initAndRun(RemoteTestNG.java:251)
at org.testng.remote.RemoteTestNG.main(RemoteTestNG.java:77)
]]>
            </full-stacktrace>
          </exception> <!-- java.lang.NullPointerException -->
          <reporter-output>
          </reporter-output>
        </test-method> <!-- deleteCustomer -->
        <test-method name="deleteCustomer" signature="deleteCustomer(java.util.Map)[pri:0, instance:test.stripe.api.FlowTest@8f2ef19]" status="FAIL" duration-ms="889" finished-at="2020-04-10T23:23:52 IST" started-at="2020-04-10T23:23:51 IST" depends-on-methods="test.stripe.api.FlowTest.validatedUpdatedCustomerDetails" data-provider="dataProvider" description="delete customer">
          <params>
            <param index="0">
              <value>
                <![CDATA[{custId=cus_H4Uaiet9m8mye3}]]>
              </value>
            </param>
          </params>
          <exception class="java.lang.NullPointerException">
            <full-stacktrace>
              <![CDATA[java.lang.NullPointerException
at test.stripe.api.FlowTest.deleteCustomer(FlowTest.java:83)
at sun.reflect.NativeMethodAccessorImpl.invoke0(Native Method)
at sun.reflect.NativeMethodAccessorImpl.invoke(NativeMethodAccessorImpl.java:62)
at sun.reflect.DelegatingMethodAccessorImpl.invoke(DelegatingMethodAccessorImpl.java:43)
at java.lang.reflect.Method.invoke(Method.java:498)
at org.testng.internal.MethodInvocationHelper.invokeMethod(MethodInvocationHelper.java:134)
at org.testng.internal.TestInvoker.invokeMethod(TestInvoker.java:597)
at org.testng.internal.TestInvoker.invokeTestMethod(TestInvoker.java:173)
at org.testng.internal.MethodRunner.runInSequence(MethodRunner.java:46)
at org.testng.internal.TestInvoker$MethodInvocationAgent.invoke(TestInvoker.java:816)
at org.testng.internal.TestInvoker.invokeTestMethods(TestInvoker.java:146)
at org.testng.internal.TestMethodWorker.invokeTestMethods(TestMethodWorker.java:146)
at org.testng.internal.TestMethodWorker.run(TestMethodWorker.java:128)
at java.util.ArrayList.forEach(ArrayList.java:1257)
at org.testng.TestRunner.privateRun(TestRunner.java:766)
at org.testng.TestRunner.run(TestRunner.java:587)
at org.testng.SuiteRunner.runTest(SuiteRunner.java:384)
at org.testng.SuiteRunner.runSequentially(SuiteRunner.java:378)
at org.testng.SuiteRunner.privateRun(SuiteRunner.java:337)
at org.testng.SuiteRunner.run(SuiteRunner.java:286)
at org.testng.SuiteRunnerWorker.runSuite(SuiteRunnerWorker.java:53)
at org.testng.SuiteRunnerWorker.run(SuiteRunnerWorker.java:96)
at org.testng.TestNG.runSuitesSequentially(TestNG.java:1187)
at org.testng.TestNG.runSuitesLocally(TestNG.java:1109)
at org.testng.TestNG.runSuites(TestNG.java:1039)
at org.testng.TestNG.run(TestNG.java:1007)
at org.testng.remote.AbstractRemoteTestNG.run(AbstractRemoteTestNG.java:115)
at org.testng.remote.RemoteTestNG.initAndRun(RemoteTestNG.java:251)
at org.testng.remote.RemoteTestNG.main(RemoteTestNG.java:77)
]]>
            </full-stacktrace>
          </exception> <!-- java.lang.NullPointerException -->
          <reporter-output>
          </reporter-output>
        </test-method> <!-- deleteCustomer -->
      </class> <!-- test.stripe.api.FlowTest -->
    </test> <!-- Test -->
  </suite> <!-- Suite -->
</testng-results>
