<?xml version="1.0" encoding="UTF-8"?>
<testng-results skipped="0" failed="0" ignored="0" total="1" passed="1">
  <reporter-output>
  </reporter-output>
  <suite name="Suite" duration-ms="9763" started-at="2020-04-13T18:30:48 IST" finished-at="2020-04-13T18:30:58 IST">
    <groups>
    </groups>
    <test name="Test" duration-ms="9763" started-at="2020-04-13T18:30:48 IST" finished-at="2020-04-13T18:30:58 IST">
      <class name="test.payapl.api.CreateOrderTest">
        <test-method status="PASS" signature="createPaypalOrder(java.util.Map)[pri:0, instance:test.payapl.api.CreateOrderTest@7c711375]" name="createPaypalOrder" duration-ms="8931" started-at="2020-04-13T18:30:49 IST" description="create order" data-provider="dataProvider" finished-at="2020-04-13T18:30:58 IST">
          <params>
            <param index="0">
              <value>
                <![CDATA[{currency_code=USD, value=500.0, intent=CAPTURE}]]>
              </value>
            </param>
          </params>
          <reporter-output>
          </reporter-output>
        </test-method> <!-- createPaypalOrder -->
      </class> <!-- test.payapl.api.CreateOrderTest -->
    </test> <!-- Test -->
  </suite> <!-- Suite -->
</testng-results>
